[0m[[0m[0mdebug[0m] [0m[0mjavaOptions: Vector()[0m
[0m[[0m[0mdebug[0m] [0m[0mForking tests - parallelism = false[0m
[0m[[0m[0mdebug[0m] [0m[0mCreate a single-thread test executor[0m
[0m[[0m[0mdebug[0m] [0m[0mRunner for org.scalacheck.ScalaCheckFramework produced 1 initial tasks for 1 tests.[0m
[0m[[0m[0mdebug[0m] [0m[0m  Running TaskDef(quickcheck.QuickCheckBinomialHeap, sbt.ForkMain$SubclassFingerscan@5971f05c, false, [SuiteSelector])[0m
[0m[[0m[0minfo[0m] [0m[0m[31m! Heap.gen1: Exception raised on property evaluation.[0m
[0m[[0m[0minfo[0m] [0m[0m> Exception: scala.NotImplementedError: an implementation is missing[0m[0m
[0m[[0m[0mdebug[0m] [0m[0m    Produced 0 nested tasks and 1 events.[0m
[0m[[0m[0mdebug[0m] [0m[0mRunner for com.novocode.junit.JUnitFramework produced 1 initial tasks for 1 tests.[0m
[0m[[0m[0mdebug[0m] [0m[0m  Running TaskDef(quickcheck.QuickCheckSuite, sbt.ForkMain$AnnotatedFingerscan@74a1d2e, false, [SuiteSelector])[0m
[0m[[0m[0minfo[0m] [0m[0m[34mTest run started[0m[0m
[0m[[0m[0minfo[0m] [0m[0mTest quickcheck.[33mQuickCheckSuite[0m.[36mBogus (5) binomial heap does not satisfy properties. (10pts)[0m started[0m
[0m[[0m[31merror[0m] [0m[0mTest quickcheck.[33mQuickCheckSuite[0m.[31mBogus (5) binomial heap does not satisfy properties. (10pts)[0m failed: java.lang.[31mAssertionError[0m: A bogus heap should NOT satisfy all properties. Try to find the bug!, took 0.008 sec[0m
[0m[[0m[31merror[0m] [0m[0m    at quickcheck.QuickCheckSuite.fail$1([35mQuickCheckSuite.scala[0m:[33m17[0m)[0m
[0m[[0m[31merror[0m] [0m[0m    at quickcheck.QuickCheckSuite.checkBogus([35mQuickCheckSuite.scala[0m:[33m24[0m)[0m
[0m[[0m[31merror[0m] [0m[0m    at quickcheck.QuickCheckSuite.Bogus (5) binomial heap does not satisfy properties. (10pts)([35mQuickCheckSuite.scala[0m:[33m52[0m)[0m
[0m[[0m[31merror[0m] [0m[0m    at jdk.internal.reflect.NativeMethodAccessorImpl.invoke0(Native Method)[0m
[0m[[0m[31merror[0m] [0m[0m    at jdk.internal.reflect.NativeMethodAccessorImpl.invoke(NativeMethodAccessorImpl.java:62)[0m
[0m[[0m[31merror[0m] [0m[0m    at jdk.internal.reflect.DelegatingMethodAccessorImpl.invoke(DelegatingMethodAccessorImpl.java:43)[0m
[0m[[0m[31merror[0m] [0m[0m    at java.lang.reflect.Method.invoke(Method.java:566)[0m
[0m[[0m[31merror[0m] [0m[0m    ...[0m
[0m[[0m[0mdebug[0m] [0m[0mTest quickcheck.[33mQuickCheckSuite[0m.[36mBogus (5) binomial heap does not satisfy properties. (10pts)[0m finished, took 0.011 sec[0m
[0m[[0m[0minfo[0m] [0m[0mTest quickcheck.[33mQuickCheckSuite[0m.[36mBogus (4) binomial heap does not satisfy properties. (10pts)[0m started[0m
[0m[[0m[31merror[0m] [0m[0mTest quickcheck.[33mQuickCheckSuite[0m.[31mBogus (4) binomial heap does not satisfy properties. (10pts)[0m failed: java.lang.[31mAssertionError[0m: A bogus heap should NOT satisfy all properties. Try to find the bug!, took 0.001 sec[0m
[0m[[0m[31merror[0m] [0m[0m    at quickcheck.QuickCheckSuite.fail$1([35mQuickCheckSuite.scala[0m:[33m17[0m)[0m
[0m[[0m[31merror[0m] [0m[0m    at quickcheck.QuickCheckSuite.checkBogus([35mQuickCheckSuite.scala[0m:[33m24[0m)[0m
[0m[[0m[31merror[0m] [0m[0m    at quickcheck.QuickCheckSuite.Bogus (4) binomial heap does not satisfy properties. (10pts)([35mQuickCheckSuite.scala[0m:[33m49[0m)[0m
[0m[[0m[31merror[0m] [0m[0m    at jdk.internal.reflect.NativeMethodAccessorImpl.invoke0(Native Method)[0m
[0m[[0m[31merror[0m] [0m[0m    at jdk.internal.reflect.NativeMethodAccessorImpl.invoke(NativeMethodAccessorImpl.java:62)[0m
[0m[[0m[31merror[0m] [0m[0m    at jdk.internal.reflect.DelegatingMethodAccessorImpl.invoke(DelegatingMethodAccessorImpl.java:43)[0m
[0m[[0m[31merror[0m] [0m[0m    at java.lang.reflect.Method.invoke(Method.java:566)[0m
[0m[[0m[31merror[0m] [0m[0m    ...[0m
[0m[[0m[0mdebug[0m] [0m[0mTest quickcheck.[33mQuickCheckSuite[0m.[36mBogus (4) binomial heap does not satisfy properties. (10pts)[0m finished, took 0.002 sec[0m
[0m[[0m[0minfo[0m] [0m[0mTest quickcheck.[33mQuickCheckSuite[0m.[36mBogus (3) binomial heap does not satisfy properties. (10pts)[0m started[0m
[0m[[0m[31merror[0m] [0m[0mTest quickcheck.[33mQuickCheckSuite[0m.[31mBogus (3) binomial heap does not satisfy properties. (10pts)[0m failed: java.lang.[31mAssertionError[0m: A bogus heap should NOT satisfy all properties. Try to find the bug!, took 0.001 sec[0m
[0m[[0m[31merror[0m] [0m[0m    at quickcheck.QuickCheckSuite.fail$1([35mQuickCheckSuite.scala[0m:[33m17[0m)[0m
[0m[[0m[31merror[0m] [0m[0m    at quickcheck.QuickCheckSuite.checkBogus([35mQuickCheckSuite.scala[0m:[33m24[0m)[0m
[0m[[0m[31merror[0m] [0m[0m    at quickcheck.QuickCheckSuite.Bogus (3) binomial heap does not satisfy properties. (10pts)([35mQuickCheckSuite.scala[0m:[33m46[0m)[0m
[0m[[0m[31merror[0m] [0m[0m    at jdk.internal.reflect.NativeMethodAccessorImpl.invoke0(Native Method)[0m
[0m[[0m[31merror[0m] [0m[0m    at jdk.internal.reflect.NativeMethodAccessorImpl.invoke(NativeMethodAccessorImpl.java:62)[0m
[0m[[0m[31merror[0m] [0m[0m    at jdk.internal.reflect.DelegatingMethodAccessorImpl.invoke(DelegatingMethodAccessorImpl.java:43)[0m
[0m[[0m[31merror[0m] [0m[0m    at java.lang.reflect.Method.invoke(Method.java:566)[0m
[0m[[0m[31merror[0m] [0m[0m    ...[0m
[0m[[0m[0mdebug[0m] [0m[0mTest quickcheck.[33mQuickCheckSuite[0m.[36mBogus (3) binomial heap does not satisfy properties. (10pts)[0m finished, took 0.002 sec[0m
[0m[[0m[0minfo[0m] [0m[0mTest quickcheck.[33mQuickCheckSuite[0m.[36mBogus (2) binomial heap does not satisfy properties. (10pts)[0m started[0m
[0m[[0m[31merror[0m] [0m[0mTest quickcheck.[33mQuickCheckSuite[0m.[31mBogus (2) binomial heap does not satisfy properties. (10pts)[0m failed: java.lang.[31mAssertionError[0m: A bogus heap should NOT satisfy all properties. Try to find the bug!, took 0.005 sec[0m
[0m[[0m[31merror[0m] [0m[0m    at quickcheck.QuickCheckSuite.fail$1([35mQuickCheckSuite.scala[0m:[33m17[0m)[0m
[0m[[0m[31merror[0m] [0m[0m    at quickcheck.QuickCheckSuite.checkBogus([35mQuickCheckSuite.scala[0m:[33m24[0m)[0m
[0m[[0m[31merror[0m] [0m[0m    at quickcheck.QuickCheckSuite.Bogus (2) binomial heap does not satisfy properties. (10pts)([35mQuickCheckSuite.scala[0m:[33m43[0m)[0m
[0m[[0m[31merror[0m] [0m[0m    at jdk.internal.reflect.NativeMethodAccessorImpl.invoke0(Native Method)[0m
[0m[[0m[31merror[0m] [0m[0m    at jdk.internal.reflect.NativeMethodAccessorImpl.invoke(NativeMethodAccessorImpl.java:62)[0m
[0m[[0m[31merror[0m] [0m[0m    at jdk.internal.reflect.DelegatingMethodAccessorImpl.invoke(DelegatingMethodAccessorImpl.java:43)[0m
[0m[[0m[31merror[0m] [0m[0m    at java.lang.reflect.Method.invoke(Method.java:566)[0m
[0m[[0m[31merror[0m] [0m[0m    ...[0m
[0m[[0m[0mdebug[0m] [0m[0mTest quickcheck.[33mQuickCheckSuite[0m.[36mBogus (2) binomial heap does not satisfy properties. (10pts)[0m finished, took 0.006 sec[0m
[0m[[0m[0minfo[0m] [0m[0mTest quickcheck.[33mQuickCheckSuite[0m.[36mBinomial heap satisfies properties. (5pts)[0m started[0m
[0m[[0m[31merror[0m] [0m[0mTest quickcheck.[33mQuickCheckSuite[0m.[31mBinomial heap satisfies properties. (5pts)[0m failed: java.lang.[31mAssertionError[0m: null, took 0.003 sec[0m
[0m[[0m[31merror[0m] [0m[0m    at quickcheck.QuickCheckSuite.Binomial heap satisfies properties. (5pts)([35mQuickCheckSuite.scala[0m:[33m36[0m)[0m
[0m[[0m[31merror[0m] [0m[0m    at jdk.internal.reflect.NativeMethodAccessorImpl.invoke0(Native Method)[0m
[0m[[0m[31merror[0m] [0m[0m    at jdk.internal.reflect.NativeMethodAccessorImpl.invoke(NativeMethodAccessorImpl.java:62)[0m
[0m[[0m[31merror[0m] [0m[0m    at jdk.internal.reflect.DelegatingMethodAccessorImpl.invoke(DelegatingMethodAccessorImpl.java:43)[0m
[0m[[0m[31merror[0m] [0m[0m    at java.lang.reflect.Method.invoke(Method.java:566)[0m
[0m[[0m[31merror[0m] [0m[0m    ...[0m
[0m[[0m[0mdebug[0m] [0m[0mTest quickcheck.[33mQuickCheckSuite[0m.[36mBinomial heap satisfies properties. (5pts)[0m finished, took 0.003 sec[0m
[0m[[0m[0minfo[0m] [0m[0mTest quickcheck.[33mQuickCheckSuite[0m.[36mBogus (1) binomial heap does not satisfy properties. (10pts)[0m started[0m
[0m[[0m[31merror[0m] [0m[0mTest quickcheck.[33mQuickCheckSuite[0m.[31mBogus (1) binomial heap does not satisfy properties. (10pts)[0m failed: java.lang.[31mAssertionError[0m: A bogus heap should NOT satisfy all properties. Try to find the bug!, took 0.001 sec[0m
[0m[[0m[31merror[0m] [0m[0m    at quickcheck.QuickCheckSuite.fail$1([35mQuickCheckSuite.scala[0m:[33m17[0m)[0m
[0m[[0m[31merror[0m] [0m[0m    at quickcheck.QuickCheckSuite.checkBogus([35mQuickCheckSuite.scala[0m:[33m24[0m)[0m
[0m[[0m[31merror[0m] [0m[0m    at quickcheck.QuickCheckSuite.Bogus (1) binomial heap does not satisfy properties. (10pts)([35mQuickCheckSuite.scala[0m:[33m40[0m)[0m
[0m[[0m[31merror[0m] [0m[0m    at jdk.internal.reflect.NativeMethodAccessorImpl.invoke0(Native Method)[0m
[0m[[0m[31merror[0m] [0m[0m    at jdk.internal.reflect.NativeMethodAccessorImpl.invoke(NativeMethodAccessorImpl.java:62)[0m
[0m[[0m[31merror[0m] [0m[0m    at jdk.internal.reflect.DelegatingMethodAccessorImpl.invoke(DelegatingMethodAccessorImpl.java:43)[0m
[0m[[0m[31merror[0m] [0m[0m    at java.lang.reflect.Method.invoke(Method.java:566)[0m
[0m[[0m[31merror[0m] [0m[0m    ...[0m
[0m[[0m[0mdebug[0m] [0m[0mTest quickcheck.[33mQuickCheckSuite[0m.[36mBogus (1) binomial heap does not satisfy properties. (10pts)[0m finished, took 0.002 sec[0m
[0m[[0m[0minfo[0m] [0m[0m[34mTest run finished: [0m[31m6 failed[0m[34m, [0m[34m0 ignored[0m[34m, 6 total, 0.034s[0m[0m
[0m[[0m[0mdebug[0m] [0m[0m    Produced 0 nested tasks and 6 events.[0m
[0m[[0m[0mdebug[0m] [0m[0mSummary for ScalaCheck not available.[0m
[0m[[0m[0mdebug[0m] [0m[0mSummary for JUnit not available.[0m
[0m[[0m[31merror[0m] [0m[0mError: Total 7, Failed 6, Errors 1, Passed 0[0m
[0m[[0m[31merror[0m] [0m[0mFailed tests:[0m
[0m[[0m[31merror[0m] [0m[0m	quickcheck.QuickCheckSuite[0m
[0m[[0m[31merror[0m] [0m[0mError during tests:[0m
[0m[[0m[31merror[0m] [0m[0m	quickcheck.QuickCheckBinomialHeap[0m
