<?xml version='1.0' encoding='UTF-8'?>
<testsuite hostname="Siarheis-MacBook-Pro.local" name="quickcheck.QuickCheckBinomialHeap" tests="1" errors="1" failures="0" skipped="0" time="-0.001" timestamp="2021-05-21T01:12:06">
                     <properties>
[...]
</properties>
                     <testcase classname="quickcheck.QuickCheckBinomialHeap" name="gen1" time="-0.001">
                                                 <error message="scala.NotImplementedError: an implementation is missing" type="sbt.ForkMain$ForkError">sbt.ForkMain$ForkError: scala.NotImplementedError: an implementation is missing
	at scala.Predef$.$qmark$qmark$qmark(Predef.scala:347)
	at quickcheck.QuickCheckHeap.genHeap$lzycompute(QuickCheck.scala:10)
	at quickcheck.QuickCheckHeap.genHeap(QuickCheck.scala:10)
	at quickcheck.QuickCheckHeap.$anonfun$arbHeap$1(QuickCheck.scala:11)
	at org.scalacheck.ArbitraryLowPriority$$anon$1.arbitrary$lzycompute(Arbitrary.scala:75)
	at org.scalacheck.ArbitraryLowPriority$$anon$1.arbitrary(Arbitrary.scala:75)
	at org.scalacheck.ArbitraryLowPriority.arbitrary(Arbitrary.scala:79)
	at org.scalacheck.ArbitraryLowPriority.arbitrary$(Arbitrary.scala:79)
	at org.scalacheck.Arbitrary$.arbitrary(Arbitrary.scala:62)
	at org.scalacheck.Prop$.forAll(Prop.scala:913)
	at quickcheck.QuickCheckHeap.$anonfun$new$1(QuickCheck.scala:13)
	at org.scalacheck.Prop$.$anonfun$delay$1(Prop.scala:476)
	at org.scalacheck.Prop$.$anonfun$apply$1(Prop.scala:307)
	at org.scalacheck.PropFromFun.apply(Prop.scala:22)
	at org.scalacheck.Test$.workerFun$1(Test.scala:326)
	at org.scalacheck.Test$.$anonfun$check$1(Test.scala:355)
	at org.scalacheck.Test$.$anonfun$check$1$adapted(Test.scala:355)
	at org.scalacheck.Platform$.runWorkers(Platform.scala:40)
	at org.scalacheck.Test$.check(Test.scala:355)
	at org.scalacheck.ScalaCheckRunner$$anon$2.executeInternal(ScalaCheckFramework.scala:123)
	at org.scalacheck.ScalaCheckRunner$$anon$2.$anonfun$execute$11(ScalaCheckFramework.scala:113)
	at org.scalacheck.ScalaCheckRunner$$anon$2.$anonfun$execute$11$adapted(ScalaCheckFramework.scala:112)
	at scala.collection.IterableOnceOps.foreach(IterableOnce.scala:576)
	at scala.collection.IterableOnceOps.foreach$(IterableOnce.scala:574)
	at scala.collection.AbstractIterable.foreach(Iterable.scala:904)
	at scala.collection.IterableOps$WithFilter.foreach(Iterable.scala:874)
	at org.scalacheck.ScalaCheckRunner$$anon$2.execute(ScalaCheckFramework.scala:112)
	at sbt.ForkMain$Run.lambda$runTest$1(ForkMain.java:304)
	at java.base/java.util.concurrent.FutureTask.run(FutureTask.java:264)
	at java.base/java.util.concurrent.ThreadPoolExecutor.runWorker(ThreadPoolExecutor.java:1128)
	at java.base/java.util.concurrent.ThreadPoolExecutor$Worker.run(ThreadPoolExecutor.java:628)
	at java.base/java.lang.Thread.run(Thread.java:834)
</error>
                                               </testcase>
                     <system-out><![CDATA[]]></system-out>
                     <system-err><![CDATA[]]></system-err>
                   </testsuite>