<?xml version='1.0' encoding='UTF-8'?>
<testsuite hostname="Siarheis-MacBook-Pro.local" name="quickcheck.QuickCheckSuite" tests="6" errors="0" failures="6" skipped="0" time="0.019" timestamp="2021-05-21T01:12:06">
                     <properties>
[...]
</properties>
                     <testcase classname="quickcheck.QuickCheckSuite" name=" (10pts)" time="0.008">
                                                 <failure message="java.lang.AssertionError: A bogus heap should NOT satisfy all properties. Try to find the bug!" type="sbt.ForkMain$ForkError">sbt.ForkMain$ForkError: java.lang.AssertionError: A bogus heap should NOT satisfy all properties. Try to find the bug!
	at quickcheck.QuickCheckSuite.fail$1(QuickCheckSuite.scala:17)
	at quickcheck.QuickCheckSuite.checkBogus(QuickCheckSuite.scala:24)
	at quickcheck.QuickCheckSuite.Bogus$u0020$u00285$u0029$u0020binomial$u0020heap$u0020does$u0020not$u0020satisfy$u0020properties$u002E$u0020$u002810pts$u0029(QuickCheckSuite.scala:52)
	at java.base/jdk.internal.reflect.NativeMethodAccessorImpl.invoke0(Native Method)
	at java.base/jdk.internal.reflect.NativeMethodAccessorImpl.invoke(NativeMethodAccessorImpl.java:62)
	at java.base/jdk.internal.reflect.DelegatingMethodAccessorImpl.invoke(DelegatingMethodAccessorImpl.java:43)
	at java.base/java.lang.reflect.Method.invoke(Method.java:566)
	at org.junit.runners.model.FrameworkMethod$1.runReflectiveCall(FrameworkMethod.java:47)
	at org.junit.internal.runners.model.ReflectiveCallable.run(ReflectiveCallable.java:12)
	at org.junit.runners.model.FrameworkMethod.invokeExplosively(FrameworkMethod.java:44)
	at org.junit.internal.runners.statements.InvokeMethod.evaluate(InvokeMethod.java:17)
	at org.junit.internal.runners.statements.FailOnTimeout$StatementThread.run(FailOnTimeout.java:74)
</failure>
                                               </testcase><testcase classname="quickcheck.QuickCheckSuite" name=" (10pts)" time="0.001">
                                                 <failure message="java.lang.AssertionError: A bogus heap should NOT satisfy all properties. Try to find the bug!" type="sbt.ForkMain$ForkError">sbt.ForkMain$ForkError: java.lang.AssertionError: A bogus heap should NOT satisfy all properties. Try to find the bug!
	at quickcheck.QuickCheckSuite.fail$1(QuickCheckSuite.scala:17)
	at quickcheck.QuickCheckSuite.checkBogus(QuickCheckSuite.scala:24)
	at quickcheck.QuickCheckSuite.Bogus$u0020$u00284$u0029$u0020binomial$u0020heap$u0020does$u0020not$u0020satisfy$u0020properties$u002E$u0020$u002810pts$u0029(QuickCheckSuite.scala:49)
	at java.base/jdk.internal.reflect.NativeMethodAccessorImpl.invoke0(Native Method)
	at java.base/jdk.internal.reflect.NativeMethodAccessorImpl.invoke(NativeMethodAccessorImpl.java:62)
	at java.base/jdk.internal.reflect.DelegatingMethodAccessorImpl.invoke(DelegatingMethodAccessorImpl.java:43)
	at java.base/java.lang.reflect.Method.invoke(Method.java:566)
	at org.junit.runners.model.FrameworkMethod$1.runReflectiveCall(FrameworkMethod.java:47)
	at org.junit.internal.runners.model.ReflectiveCallable.run(ReflectiveCallable.java:12)
	at org.junit.runners.model.FrameworkMethod.invokeExplosively(FrameworkMethod.java:44)
	at org.junit.internal.runners.statements.InvokeMethod.evaluate(InvokeMethod.java:17)
	at org.junit.internal.runners.statements.FailOnTimeout$StatementThread.run(FailOnTimeout.java:74)
</failure>
                                               </testcase><testcase classname="quickcheck.QuickCheckSuite" name=" (10pts)" time="0.001">
                                                 <failure message="java.lang.AssertionError: A bogus heap should NOT satisfy all properties. Try to find the bug!" type="sbt.ForkMain$ForkError">sbt.ForkMain$ForkError: java.lang.AssertionError: A bogus heap should NOT satisfy all properties. Try to find the bug!
	at quickcheck.QuickCheckSuite.fail$1(QuickCheckSuite.scala:17)
	at quickcheck.QuickCheckSuite.checkBogus(QuickCheckSuite.scala:24)
	at quickcheck.QuickCheckSuite.Bogus$u0020$u00283$u0029$u0020binomial$u0020heap$u0020does$u0020not$u0020satisfy$u0020properties$u002E$u0020$u002810pts$u0029(QuickCheckSuite.scala:46)
	at java.base/jdk.internal.reflect.NativeMethodAccessorImpl.invoke0(Native Method)
	at java.base/jdk.internal.reflect.NativeMethodAccessorImpl.invoke(NativeMethodAccessorImpl.java:62)
	at java.base/jdk.internal.reflect.DelegatingMethodAccessorImpl.invoke(DelegatingMethodAccessorImpl.java:43)
	at java.base/java.lang.reflect.Method.invoke(Method.java:566)
	at org.junit.runners.model.FrameworkMethod$1.runReflectiveCall(FrameworkMethod.java:47)
	at org.junit.internal.runners.model.ReflectiveCallable.run(ReflectiveCallable.java:12)
	at org.junit.runners.model.FrameworkMethod.invokeExplosively(FrameworkMethod.java:44)
	at org.junit.internal.runners.statements.InvokeMethod.evaluate(InvokeMethod.java:17)
	at org.junit.internal.runners.statements.FailOnTimeout$StatementThread.run(FailOnTimeout.java:74)
</failure>
                                               </testcase><testcase classname="quickcheck.QuickCheckSuite" name=" (10pts)" time="0.005">
                                                 <failure message="java.lang.AssertionError: A bogus heap should NOT satisfy all properties. Try to find the bug!" type="sbt.ForkMain$ForkError">sbt.ForkMain$ForkError: java.lang.AssertionError: A bogus heap should NOT satisfy all properties. Try to find the bug!
	at quickcheck.QuickCheckSuite.fail$1(QuickCheckSuite.scala:17)
	at quickcheck.QuickCheckSuite.checkBogus(QuickCheckSuite.scala:24)
	at quickcheck.QuickCheckSuite.Bogus$u0020$u00282$u0029$u0020binomial$u0020heap$u0020does$u0020not$u0020satisfy$u0020properties$u002E$u0020$u002810pts$u0029(QuickCheckSuite.scala:43)
	at java.base/jdk.internal.reflect.NativeMethodAccessorImpl.invoke0(Native Method)
	at java.base/jdk.internal.reflect.NativeMethodAccessorImpl.invoke(NativeMethodAccessorImpl.java:62)
	at java.base/jdk.internal.reflect.DelegatingMethodAccessorImpl.invoke(DelegatingMethodAccessorImpl.java:43)
	at java.base/java.lang.reflect.Method.invoke(Method.java:566)
	at org.junit.runners.model.FrameworkMethod$1.runReflectiveCall(FrameworkMethod.java:47)
	at org.junit.internal.runners.model.ReflectiveCallable.run(ReflectiveCallable.java:12)
	at org.junit.runners.model.FrameworkMethod.invokeExplosively(FrameworkMethod.java:44)
	at org.junit.internal.runners.statements.InvokeMethod.evaluate(InvokeMethod.java:17)
	at org.junit.internal.runners.statements.FailOnTimeout$StatementThread.run(FailOnTimeout.java:74)
</failure>
                                               </testcase><testcase classname="quickcheck.QuickCheckSuite" name=" (5pts)" time="0.003">
                                                 <failure message="java.lang.AssertionError: null" type="sbt.ForkMain$ForkError">sbt.ForkMain$ForkError: java.lang.AssertionError: null
	at org.junit.Assert.fail(Assert.java:86)
	at org.junit.Assert.assertTrue(Assert.java:41)
	at org.junit.Assert.assertTrue(Assert.java:52)
	at quickcheck.QuickCheckSuite.Binomial$u0020heap$u0020satisfies$u0020properties$u002E$u0020$u00285pts$u0029(QuickCheckSuite.scala:36)
	at java.base/jdk.internal.reflect.NativeMethodAccessorImpl.invoke0(Native Method)
	at java.base/jdk.internal.reflect.NativeMethodAccessorImpl.invoke(NativeMethodAccessorImpl.java:62)
	at java.base/jdk.internal.reflect.DelegatingMethodAccessorImpl.invoke(DelegatingMethodAccessorImpl.java:43)
	at java.base/java.lang.reflect.Method.invoke(Method.java:566)
	at org.junit.runners.model.FrameworkMethod$1.runReflectiveCall(FrameworkMethod.java:47)
	at org.junit.internal.runners.model.ReflectiveCallable.run(ReflectiveCallable.java:12)
	at org.junit.runners.model.FrameworkMethod.invokeExplosively(FrameworkMethod.java:44)
	at org.junit.internal.runners.statements.InvokeMethod.evaluate(InvokeMethod.java:17)
	at org.junit.internal.runners.statements.FailOnTimeout$StatementThread.run(FailOnTimeout.java:74)
</failure>
                                               </testcase><testcase classname="quickcheck.QuickCheckSuite" name=" (10pts)" time="0.001">
                                                 <failure message="java.lang.AssertionError: A bogus heap should NOT satisfy all properties. Try to find the bug!" type="sbt.ForkMain$ForkError">sbt.ForkMain$ForkError: java.lang.AssertionError: A bogus heap should NOT satisfy all properties. Try to find the bug!
	at quickcheck.QuickCheckSuite.fail$1(QuickCheckSuite.scala:17)
	at quickcheck.QuickCheckSuite.checkBogus(QuickCheckSuite.scala:24)
	at quickcheck.QuickCheckSuite.Bogus$u0020$u00281$u0029$u0020binomial$u0020heap$u0020does$u0020not$u0020satisfy$u0020properties$u002E$u0020$u002810pts$u0029(QuickCheckSuite.scala:40)
	at java.base/jdk.internal.reflect.NativeMethodAccessorImpl.invoke0(Native Method)
	at java.base/jdk.internal.reflect.NativeMethodAccessorImpl.invoke(NativeMethodAccessorImpl.java:62)
	at java.base/jdk.internal.reflect.DelegatingMethodAccessorImpl.invoke(DelegatingMethodAccessorImpl.java:43)
	at java.base/java.lang.reflect.Method.invoke(Method.java:566)
	at org.junit.runners.model.FrameworkMethod$1.runReflectiveCall(FrameworkMethod.java:47)
	at org.junit.internal.runners.model.ReflectiveCallable.run(ReflectiveCallable.java:12)
	at org.junit.runners.model.FrameworkMethod.invokeExplosively(FrameworkMethod.java:44)
	at org.junit.internal.runners.statements.InvokeMethod.evaluate(InvokeMethod.java:17)
	at org.junit.internal.runners.statements.FailOnTimeout$StatementThread.run(FailOnTimeout.java:74)
</failure>
                                               </testcase>
                     <system-out><![CDATA[]]></system-out>
                     <system-err><![CDATA[]]></system-err>
                   </testsuite>