<?xml version='1.0' encoding='UTF-8'?>
<testsuite hostname="Siarheis-MacBook-Pro.local" name="fireworks.FireworksSuite" tests="12" errors="0" failures="1" skipped="0" time="0.51" timestamp="2021-05-19T21:35:10">
                     <properties>
[...]
</properties>
                     <testcase classname="fireworks.FireworksSuite" name="'Firework.next' returns 'Done' when given 'Done' `" time="0.05">
                                                 
                                               </testcase><testcase classname="fireworks.FireworksSuite" name="'Firework.next' returns 'Waiting' or 'Launched' when given 'Waiting'" time="0.163">
                                                 
                                               </testcase><testcase classname="fireworks.FireworksSuite" name="'Firework.next' returns 'Launched' or 'Exploding' when given 'Launched'" time="0.019">
                                                 
                                               </testcase><testcase classname="fireworks.FireworksSuite" name="'Firework.next' returns 'Exploding' or 'Done' when given 'Exploding'" time="0.079">
                                                 
                                               </testcase><testcase classname="fireworks.FireworksSuite" name="Operation 'next' on class 'Waiting' should return the same 'Waiting' value with a decremented 'countDown' until it is zero or negative" time="0.02">
                                                 
                                               </testcase><testcase classname="fireworks.FireworksSuite" name="Operation 'next' on class 'Waiting' should return a 'Launched' value if the 'countDown' is zero or negative" time="0.008">
                                                 
                                               </testcase><testcase classname="fireworks.FireworksSuite" name="Operation 'next' on class 'Launched' should return a 'Launched' value with a decremented 'countDown' until it is zero or negative" time="0.013">
                                                 
                                               </testcase><testcase classname="fireworks.FireworksSuite" name="Operation 'next' on class 'Launched' should return a 'Launched' value with an updated 'position' until the 'countDown' is zero or negative" time="0.011">
                                                 
                                               </testcase><testcase classname="fireworks.FireworksSuite" name="Operation 'next' on class 'Launched' should return an 'Exploding' value if the 'countDown' is zero or negative" time="0.018">
                                                 
                                               </testcase><testcase classname="fireworks.FireworksSuite" name="Operation 'next' on class 'Exploding' should return an 'Exploding' value with a decremented 'countDown' until it is zero or negative" time="0.052">
                                                 <failure message="java.lang.AssertionError: An exception was thrown during property evaluation: munit.ComparisonFailException: /Users/siarheimelnik/Projects/walkthrough/effective_scala/fireworks/src/test/scala/fireworks/FireworksSuite.scala:129
128:            assertEquals(nextExploding.countDown, exploding.countDown - 1, &quot;'countDown' must be decremented by one&quot;)
[7m129:            assertEquals(nextExploding.particles, exploding.particles.next, &quot;'particles' must be updated to their next state&quot;)[0m
130:            Prop.passed
'particles' must be updated to their next state
[1m=&gt; Obtained[0m
Particles(
  value = List(
    Particle(
      horizontalSpeed = 8.45521696283934E-280,
      verticalSpeed = 3.091150290943247E-214,
      position = Cartesian(
        x = 1.683606544E9,
        y = 2.73591813E8
      ),
      color = RGBA(
        r = UnsignedByte(
          value = 127
        ),
        g = UnsignedByte(
          value = 127
        ),
        b = UnsignedByte(
          value = -128
        ),
        a = Normalized(
          get = 1.0
        )
      )
    ),
    Particle(
      horizontalSpeed = -1.1205547617121601E-32,
      verticalSpeed = 7.17256297849971E134,
      position = Cartesian(
        x = -7.95804227E8,
        y = 1.484743691E9
      ),
      color = RGBA(
        r = UnsignedByte(
          value = 110
        ),
        g = UnsignedByte(
          value = 2
        ),
        b = UnsignedByte(
          value = 110
        ),
        a = Normalized(
          get = 1.0
        )
      )
    )
  )
)
[1m=&gt; Diff[0m ([91m- obtained[0m, [92m+ expected[0m)
     Particle(
[91m-      horizontalSpeed = 8.45521696283934E-280,[0m
[91m-      verticalSpeed = 3.091150290943247E-214,[0m
[92m+      horizontalSpeed = 0.0,[0m
[92m+      verticalSpeed = -1.3,[0m
       position = Cartesian(
     Particle(
[91m-      horizontalSpeed = -1.1205547617121601E-32,[0m
[92m+      horizontalSpeed = 0.0,[0m
       verticalSpeed = 7.17256297849971E134," type="sbt.ForkMain$ForkError">sbt.ForkMain$ForkError: java.lang.AssertionError: An exception was thrown during property evaluation: munit.ComparisonFailException: /Users/siarheimelnik/Projects/walkthrough/effective_scala/fireworks/src/test/scala/fireworks/FireworksSuite.scala:129
128:            assertEquals(nextExploding.countDown, exploding.countDown - 1, &quot;'countDown' must be decremented by one&quot;)
[7m129:            assertEquals(nextExploding.particles, exploding.particles.next, &quot;'particles' must be updated to their next state&quot;)[0m
130:            Prop.passed
'particles' must be updated to their next state
[1m=&gt; Obtained[0m
Particles(
  value = List(
    Particle(
      horizontalSpeed = 8.45521696283934E-280,
      verticalSpeed = 3.091150290943247E-214,
      position = Cartesian(
        x = 1.683606544E9,
        y = 2.73591813E8
      ),
      color = RGBA(
        r = UnsignedByte(
          value = 127
        ),
        g = UnsignedByte(
          value = 127
        ),
        b = UnsignedByte(
          value = -128
        ),
        a = Normalized(
          get = 1.0
        )
      )
    ),
    Particle(
      horizontalSpeed = -1.1205547617121601E-32,
      verticalSpeed = 7.17256297849971E134,
      position = Cartesian(
        x = -7.95804227E8,
        y = 1.484743691E9
      ),
      color = RGBA(
        r = UnsignedByte(
          value = 110
        ),
        g = UnsignedByte(
          value = 2
        ),
        b = UnsignedByte(
          value = 110
        ),
        a = Normalized(
          get = 1.0
        )
      )
    )
  )
)
[1m=&gt; Diff[0m ([91m- obtained[0m, [92m+ expected[0m)
     Particle(
[91m-      horizontalSpeed = 8.45521696283934E-280,[0m
[91m-      verticalSpeed = 3.091150290943247E-214,[0m
[92m+      horizontalSpeed = 0.0,[0m
[92m+      verticalSpeed = -1.3,[0m
       position = Cartesian(
     Particle(
[91m-      horizontalSpeed = -1.1205547617121601E-32,[0m
[92m+      horizontalSpeed = 0.0,[0m
       verticalSpeed = 7.17256297849971E134,
	at fireworks.FireworksSuite.failure$1(FireworksSuite.scala:168)
	at fireworks.FireworksSuite.checkProperty(FireworksSuite.scala:174)
	at fireworks.FireworksSuite.property$$anonfun$1(FireworksSuite.scala:162)
	at scala.runtime.java8.JFunction0$mcV$sp.apply(JFunction0$mcV$sp.scala:18)
</failure>
                                               </testcase><testcase classname="fireworks.FireworksSuite" name="Operation 'next' on class 'Exploding' should return a 'Done' value if the 'countDown' is zero or negative" time="0.073">
                                                 
                                               </testcase><testcase classname="fireworks.FireworksSuite" name="Operation 'next' on class 'Particle' should return a 'Particle' value that has moved" time="0.004">
                                                 
                                               </testcase>
                     <system-out><![CDATA[]]></system-out>
                     <system-err><![CDATA[]]></system-err>
                   </testsuite>